<?xml version="1.0" encoding="UTF-8"?>
<!-- Generated by org.testng.reporters.JUnitXMLReporter -->
<testsuite hostname="ISIPLMUMLP144" failures="1" tests="7" name="Default test" time="20.867" errors="0" timestamp="6 Mar 2023 10:08:44 GMT">
  <testcase classname="com.runner.TestRunner" name="feature" time="0.397"/>
  <testcase classname="com.runner.TestRunner" name="feature" time="0.017"/>
  <testcase classname="com.runner.TestRunner" name="feature" time="0.012"/>
  <testcase classname="com.runner.TestRunner" name="feature" time="0.032"/>
  <testcase classname="com.runner.TestRunner" name="feature" time="0.009"/>
  <testcase classname="com.runner.TestRunner" name="feature" time="0.011"/>
  <testcase classname="com.runner.TestRunner" name="feature" time="19.838">
    <failure type="cucumber.runtime.CucumberException" message="org.openqa.selenium.NoSuchElementException: An element could not be located on the page using the given search parameters.
For documentation on this error, please visit: https://www.seleniumhq.org/exceptions/no_such_element.html
Build info: version: &amp;apos;3.141.59&amp;apos;, revision: &amp;apos;e82be7d358&amp;apos;, time: &amp;apos;2018-11-14T08:17:03&amp;apos;
System info: host: &amp;apos;ISIPLMUMLP144&amp;apos;, ip: &amp;apos;172.30.240.1&amp;apos;, os.name: &amp;apos;Windows 10&amp;apos;, os.arch: &amp;apos;amd64&amp;apos;, os.version: &amp;apos;10.0&amp;apos;, java.version: &amp;apos;15.0.1&amp;apos;
Driver info: io.appium.java_client.android.AndroidDriver
Capabilities {adbExecTimeout: 70000, app: D:\Personal\TrustWallet\Mob..., appActivity: com.wallet.crypto.trustapp...., appPackage: com.wallet.crypto.trustapp, databaseEnabled: false, desired: {adbExecTimeout: 70000, app: D:\Personal\TrustWallet\Mob..., appActivity: com.wallet.crypto.trustapp...., appPackage: com.wallet.crypto.trustapp, deviceName: RFCT60YV00V, platformName: android, platformVersion: 13.0}, deviceApiLevel: 33, deviceManufacturer: samsung, deviceModel: SM-S906U1, deviceName: RFCT60YV00V, deviceScreenDensity: 450, deviceScreenSize: 1080x2340, deviceUDID: RFCT60YV00V, javascriptEnabled: true, locationContextEnabled: false, networkConnectionEnabled: true, pixelRatio: 2.8125, platform: LINUX, platformName: Android, platformVersion: 13, statBarHeight: 74, takesScreenshot: true, viewportRect: {height: 2057, left: 0, top: 74, width: 1080}, warnings: {}, webStorageEnabled: false}
Session ID: 4b9e603e-4309-42a8-bd7e-75e151b95911
*** Element info: {Using=id, value=btn_01}">
      <![CDATA[cucumber.runtime.CucumberException: org.openqa.selenium.NoSuchElementException: An element could not be located on the page using the given search parameters.
For documentation on this error, please visit: https://www.seleniumhq.org/exceptions/no_such_element.html
Build info: version: '3.141.59', revision: 'e82be7d358', time: '2018-11-14T08:17:03'
System info: host: 'ISIPLMUMLP144', ip: '172.30.240.1', os.name: 'Windows 10', os.arch: 'amd64', os.version: '10.0', java.version: '15.0.1'
Driver info: io.appium.java_client.android.AndroidDriver
Capabilities {adbExecTimeout: 70000, app: D:\Personal\TrustWallet\Mob..., appActivity: com.wallet.crypto.trustapp...., appPackage: com.wallet.crypto.trustapp, databaseEnabled: false, desired: {adbExecTimeout: 70000, app: D:\Personal\TrustWallet\Mob..., appActivity: com.wallet.crypto.trustapp...., appPackage: com.wallet.crypto.trustapp, deviceName: RFCT60YV00V, platformName: android, platformVersion: 13.0}, deviceApiLevel: 33, deviceManufacturer: samsung, deviceModel: SM-S906U1, deviceName: RFCT60YV00V, deviceScreenDensity: 450, deviceScreenSize: 1080x2340, deviceUDID: RFCT60YV00V, javascriptEnabled: true, locationContextEnabled: false, networkConnectionEnabled: true, pixelRatio: 2.8125, platform: LINUX, platformName: Android, platformVersion: 13, statBarHeight: 74, takesScreenshot: true, viewportRect: {height: 2057, left: 0, top: 74, width: 1080}, warnings: {}, webStorageEnabled: false}
Session ID: 4b9e603e-4309-42a8-bd7e-75e151b95911
*** Element info: {Using=id, value=btn_01}
	at cucumber.api.testng.TestNGCucumberRunner.runCucumber(TestNGCucumberRunner.java:69)
	at com.runner.TestRunner.feature(TestRunner.java:36)
	at java.base/jdk.internal.reflect.NativeMethodAccessorImpl.invoke0(Native Method)
	at java.base/jdk.internal.reflect.NativeMethodAccessorImpl.invoke(NativeMethodAccessorImpl.java:64)
	at java.base/jdk.internal.reflect.DelegatingMethodAccessorImpl.invoke(DelegatingMethodAccessorImpl.java:43)
	at java.base/java.lang.reflect.Method.invoke(Method.java:564)
	at org.testng.internal.MethodInvocationHelper.invokeMethod(MethodInvocationHelper.java:86)
	at org.testng.internal.Invoker.invokeMethod(Invoker.java:643)
	at org.testng.internal.Invoker.invokeTestMethod(Invoker.java:820)
	at org.testng.internal.Invoker.invokeTestMethods(Invoker.java:1128)
	at org.testng.internal.TestMethodWorker.invokeTestMethods(TestMethodWorker.java:129)
	at org.testng.internal.TestMethodWorker.run(TestMethodWorker.java:112)
	at org.testng.TestRunner.privateRun(TestRunner.java:782)
	at org.testng.TestRunner.run(TestRunner.java:632)
	at org.testng.SuiteRunner.runTest(SuiteRunner.java:366)
	at org.testng.SuiteRunner.runSequentially(SuiteRunner.java:361)
	at org.testng.SuiteRunner.privateRun(SuiteRunner.java:319)
	at org.testng.SuiteRunner.run(SuiteRunner.java:268)
	at org.testng.SuiteRunnerWorker.runSuite(SuiteRunnerWorker.java:52)
	at org.testng.SuiteRunnerWorker.run(SuiteRunnerWorker.java:86)
	at org.testng.TestNG.runSuitesSequentially(TestNG.java:1244)
	at org.testng.TestNG.runSuitesLocally(TestNG.java:1169)
	at org.testng.TestNG.run(TestNG.java:1064)
	at org.testng.remote.AbstractRemoteTestNG.run(AbstractRemoteTestNG.java:115)
	at org.testng.remote.RemoteTestNG.initAndRun(RemoteTestNG.java:251)
	at org.testng.remote.RemoteTestNG.main(RemoteTestNG.java:77)
Caused by: org.openqa.selenium.NoSuchElementException: An element could not be located on the page using the given search parameters.
For documentation on this error, please visit: https://www.seleniumhq.org/exceptions/no_such_element.html
Build info: version: '3.141.59', revision: 'e82be7d358', time: '2018-11-14T08:17:03'
System info: host: 'ISIPLMUMLP144', ip: '172.30.240.1', os.name: 'Windows 10', os.arch: 'amd64', os.version: '10.0', java.version: '15.0.1'
Driver info: io.appium.java_client.android.AndroidDriver
Capabilities {adbExecTimeout: 70000, app: D:\Personal\TrustWallet\Mob..., appActivity: com.wallet.crypto.trustapp...., appPackage: com.wallet.crypto.trustapp, databaseEnabled: false, desired: {adbExecTimeout: 70000, app: D:\Personal\TrustWallet\Mob..., appActivity: com.wallet.crypto.trustapp...., appPackage: com.wallet.crypto.trustapp, deviceName: RFCT60YV00V, platformName: android, platformVersion: 13.0}, deviceApiLevel: 33, deviceManufacturer: samsung, deviceModel: SM-S906U1, deviceName: RFCT60YV00V, deviceScreenDensity: 450, deviceScreenSize: 1080x2340, deviceUDID: RFCT60YV00V, javascriptEnabled: true, locationContextEnabled: false, networkConnectionEnabled: true, pixelRatio: 2.8125, platform: LINUX, platformName: Android, platformVersion: 13, statBarHeight: 74, takesScreenshot: true, viewportRect: {height: 2057, left: 0, top: 74, width: 1080}, warnings: {}, webStorageEnabled: false}
Session ID: 4b9e603e-4309-42a8-bd7e-75e151b95911
*** Element info: {Using=id, value=btn_01}
	at java.base/jdk.internal.reflect.NativeConstructorAccessorImpl.newInstance0(Native Method)
	at java.base/jdk.internal.reflect.NativeConstructorAccessorImpl.newInstance(NativeConstructorAccessorImpl.java:64)
	at java.base/jdk.internal.reflect.DelegatingConstructorAccessorImpl.newInstance(DelegatingConstructorAccessorImpl.java:45)
	at java.base/java.lang.reflect.Constructor.newInstanceWithCaller(Constructor.java:500)
	at java.base/java.lang.reflect.Constructor.newInstance(Constructor.java:481)
	at org.openqa.selenium.remote.http.W3CHttpResponseCodec.createException(W3CHttpResponseCodec.java:187)
	at org.openqa.selenium.remote.http.W3CHttpResponseCodec.decode(W3CHttpResponseCodec.java:122)
	at org.openqa.selenium.remote.http.W3CHttpResponseCodec.decode(W3CHttpResponseCodec.java:49)
	at org.openqa.selenium.remote.HttpCommandExecutor.execute(HttpCommandExecutor.java:158)
	at io.appium.java_client.remote.AppiumCommandExecutor.execute(AppiumCommandExecutor.java:239)
	at org.openqa.selenium.remote.RemoteWebDriver.execute(RemoteWebDriver.java:552)
	at io.appium.java_client.DefaultGenericMobileDriver.execute(DefaultGenericMobileDriver.java:41)
	at io.appium.java_client.AppiumDriver.execute(AppiumDriver.java:1)
	at io.appium.java_client.android.AndroidDriver.execute(AndroidDriver.java:1)
	at org.openqa.selenium.remote.RemoteWebDriver.findElement(RemoteWebDriver.java:323)
	at io.appium.java_client.DefaultGenericMobileDriver.findElement(DefaultGenericMobileDriver.java:61)
	at io.appium.java_client.AppiumDriver.findElement(AppiumDriver.java:1)
	at io.appium.java_client.android.AndroidDriver.findElement(AndroidDriver.java:1)
	at org.openqa.selenium.remote.RemoteWebDriver.findElementById(RemoteWebDriver.java:372)
	at io.appium.java_client.DefaultGenericMobileDriver.findElementById(DefaultGenericMobileDriver.java:69)
	at io.appium.java_client.AppiumDriver.findElementById(AppiumDriver.java:1)
	at io.appium.java_client.android.AndroidDriver.findElementById(AndroidDriver.java:1)
	at org.openqa.selenium.By$ById.findElement(By.java:188)
	at org.openqa.selenium.remote.RemoteWebDriver.findElement(RemoteWebDriver.java:315)
	at io.appium.java_client.DefaultGenericMobileDriver.findElement(DefaultGenericMobileDriver.java:57)
	at io.appium.java_client.AppiumDriver.findElement(AppiumDriver.java:1)
	at io.appium.java_client.android.AndroidDriver.findElement(AndroidDriver.java:1)
	at com.baseClass.MobileBaseClass.launchEmulator(MobileBaseClass.java:91)
	at com.stepDefs.AllStepDefs.user_is_on_TrustWallet_Home_Page(AllStepDefs.java:16)
	at âœ½.Given user is on TrustWallet Home Page(trustWallet-Welcome.feature:6)
]]>
    </failure>
  </testcase> <!-- feature -->
</testsuite> <!-- Default test -->
